Arguments: 
  C:\Program Files\nodejs\node.exe C:\Users\Wiji Fiko Teren\AppData\Roaming\npm\node_modules\yarn\bin\yarn.js add puppeteer-extra-plugin-shealth

PATH: 
  C:\Users\Wiji Fiko Teren\bin;C:\Program Files\Git\mingw64\bin;C:\Program Files\Git\usr\local\bin;C:\Program Files\Git\usr\bin;C:\Program Files\Git\usr\bin;C:\Program Files\Git\mingw64\bin;C:\Program Files\Git\usr\bin;C:\Users\Wiji Fiko Teren\bin;C:\Windows\system32;C:\Windows;C:\Windows\System32\Wbem;C:\Windows\System32\WindowsPowerShell\v1.0;C:\Program Files (x86)\Windows Kits\8.0\Windows Performance Toolkit;C:\Program Files\Microsoft SQL Server\110\Tools\Binn;C:\Program Files\Git\cmd;C:\Program Files\nodejs;C:\Program Files\PuTTY;C:\Users\Wiji Fiko Teren\AppData\Local\Programs\Python\Python310\Scripts;C:\Users\Wiji Fiko Teren\AppData\Local\Programs\Python\Python310;C:\Users\Wiji Fiko Teren\AppData\Local\Programs\Microsoft VS Code\bin;C:\Users\Wiji Fiko Teren\AppData\Roaming\npm;C:\Users\Wiji Fiko Teren\AppData\Local\Programs\Hyper\resources\bin;C:\Program Files\Git\usr\bin\vendor_perl;C:\Program Files\Git\usr\bin\core_perl

Yarn version: 
  1.22.19

Node version: 
  16.16.0

Platform: 
  win32 x64

Trace: 
  Error: https://registry.yarnpkg.com/puppeteer-extra-plugin-shealth: Not found
      at Request.params.callback [as _callback] (C:\Users\Wiji Fiko Teren\AppData\Roaming\npm\node_modules\yarn\lib\cli.js:66145:18)
      at Request.self.callback (C:\Users\Wiji Fiko Teren\AppData\Roaming\npm\node_modules\yarn\lib\cli.js:140890:22)
      at Request.emit (node:events:527:28)
      at Request.<anonymous> (C:\Users\Wiji Fiko Teren\AppData\Roaming\npm\node_modules\yarn\lib\cli.js:141862:10)
      at Request.emit (node:events:527:28)
      at IncomingMessage.<anonymous> (C:\Users\Wiji Fiko Teren\AppData\Roaming\npm\node_modules\yarn\lib\cli.js:141784:12)
      at Object.onceWrapper (node:events:641:28)
      at IncomingMessage.emit (node:events:539:35)
      at endReadableNT (node:internal/streams/readable:1345:12)
      at processTicksAndRejections (node:internal/process/task_queues:83:21)

npm manifest: 
  {
    "name": "backlink",
    "version": "1.0.0",
    "description": "",
    "main": "main.js",
    "scripts": {
      "test": "echo \"Error: no test specified\" && exit 1"
    },
    "repository": {
      "type": "git",
      "url": "git+https://github.com/fiko942/backlink.git"
    },
    "author": "Wiji Fiko Teren",
    "license": "ISC",
    "bugs": {
      "url": "https://github.com/fiko942/backlink/issues"
    },
    "homepage": "https://github.com/fiko942/backlink#readme",
    "dependencies": {
      "puppeteer-extra": "^3.3.4"
    }
  }

yarn manifest: 
  No manifest

Lockfile: 
  # THIS IS AN AUTOGENERATED FILE. DO NOT EDIT THIS FILE DIRECTLY.
  # yarn lockfile v1
  
  
  "@types/debug@^4.1.0":
    version "4.1.7"
    resolved "https://registry.yarnpkg.com/@types/debug/-/debug-4.1.7.tgz#7cc0ea761509124709b8b2d1090d8f6c17aadb82"
    integrity sha512-9AonUzyTjXXhEOa0DnqpzZi6VHlqKMswga9EXjpXnnqxwLtdvPPtlO8evrI5D9S6asFRCQ6v+wpiUKbw+vKqyg==
    dependencies:
      "@types/ms" "*"
  
  "@types/ms@*":
    version "0.7.31"
    resolved "https://registry.yarnpkg.com/@types/ms/-/ms-0.7.31.tgz#31b7ca6407128a3d2bbc27fe2d21b345397f6197"
    integrity sha512-iiUgKzV9AuaEkZqkOLDIvlQiL6ltuZd9tGcW3gwpnX8JbuiuhFlEGmmFXEXkN50Cvq7Os88IY2v0dkDqXYWVgA==
  
  debug@^4.1.1:
    version "4.3.4"
    resolved "https://registry.yarnpkg.com/debug/-/debug-4.3.4.tgz#1319f6579357f2338d3337d2cdd4914bb5dcc865"
    integrity sha512-PRWFHuSU3eDtQJPvnNY7Jcket1j0t5OuOsFzPPzsekD52Zl8qUfFIPEiswXqIvHWGVHOgX+7G/vCNNhehwxfkQ==
    dependencies:
      ms "2.1.2"
  
  deepmerge@^4.2.2:
    version "4.2.2"
    resolved "https://registry.yarnpkg.com/deepmerge/-/deepmerge-4.2.2.tgz#44d2ea3679b8f4d4ffba33f03d865fc1e7bf4955"
    integrity sha512-FJ3UgI4gIl+PHZm53knsuSFpE+nESMr7M4v9QcgB7S63Kj/6WqMiFQJpBBYz1Pt+66bZpP3Q7Lye0Oo9MPKEdg==
  
  ms@2.1.2:
    version "2.1.2"
    resolved "https://registry.yarnpkg.com/ms/-/ms-2.1.2.tgz#d09d1f357b443f493382a8eb3ccd183872ae6009"
    integrity sha512-sGkPx+VjMtmA6MX27oA4FBFELFCZZ4S4XqeGOXCv68tT+jb3vk/RyaKWP0PTKyWtmLSM0b+adUTEvbs1PEaH2w==
  
  puppeteer-extra@^3.3.4:
    version "3.3.4"
    resolved "https://registry.yarnpkg.com/puppeteer-extra/-/puppeteer-extra-3.3.4.tgz#e0ecf021783d1112b6b0db20546d5022e632ed55"
    integrity sha512-fN5pHvSMJ8d1o7Z8wLLTQOUBpORD2BcFn+KDs7QnkGZs9SV69hcUcce67vX4L4bNSEG3A0P6Osrv+vWNhhdm8w==
    dependencies:
      "@types/debug" "^4.1.0"
      debug "^4.1.1"
      deepmerge "^4.2.2"
